Build started 2017/6/26 16:42:00.
     1>Project "F:\MyTest\myTest\testCPP\centos\wskynet\wskynet\wskynet.vcxproj" on node 4 (Build target(s)).
     1>Build:
         "C:\Program Files (x86)\Sysprogs\VisualGDB\VisualGDB.exe" /build "F:\MyTest\myTest\testCPP\centos\wskynet\wskynet\wskynet.vcxproj" "/solution:F:\MyTest\myTest\testCPP\centos\wskynet\wskynet.sln" "/config:Debug" "/platform:Win32"
         VisualGDB: No file changes detected. If you believe it's a mistake, please clean the project and build it again.
         VisualGDB: Executing prebuild actions
         VisualGDB: Skipping disabled action: Run "cp " in directory "$(BuildDir)/../jemalloc/jemalloc/lib/" on local computer
         VisualGDB: Run "make CONFIG=Debug" in directory "/home/tianle/src/wskynet/wskynet" on tianle@192.168.0.173 (SSH)
         gcc -ggdb -ffunction-sections -O0  -I../lua -I../jemalloc/jemalloc/include/jemalloc/ -DDEBUG  -c malloc_hook.c -o Debug/malloc_hook.o -MD -MF Debug/malloc_hook.dep
         gcc -ggdb -ffunction-sections -O0  -I../lua -I../jemalloc/jemalloc/include/jemalloc/ -DDEBUG  -c skynet_daemon.c -o Debug/skynet_daemon.o -MD -MF Debug/skynet_daemon.dep
         gcc -ggdb -ffunction-sections -O0  -I../lua -I../jemalloc/jemalloc/include/jemalloc/ -DDEBUG  -c skynet_env.c -o Debug/skynet_env.o -MD -MF Debug/skynet_env.dep
         gcc -ggdb -ffunction-sections -O0  -I../lua -I../jemalloc/jemalloc/include/jemalloc/ -DDEBUG  -c skynet_error.c -o Debug/skynet_error.o -MD -MF Debug/skynet_error.dep
         gcc -ggdb -ffunction-sections -O0  -I../lua -I../jemalloc/jemalloc/include/jemalloc/ -DDEBUG  -c skynet_handle.c -o Debug/skynet_handle.o -MD -MF Debug/skynet_handle.dep
         gcc -ggdb -ffunction-sections -O0  -I../lua -I../jemalloc/jemalloc/include/jemalloc/ -DDEBUG  -c skynet_harbor.c -o Debug/skynet_harbor.o -MD -MF Debug/skynet_harbor.dep
         gcc -ggdb -ffunction-sections -O0  -I../lua -I../jemalloc/jemalloc/include/jemalloc/ -DDEBUG  -c skynet_log.c -o Debug/skynet_log.o -MD -MF Debug/skynet_log.dep
         gcc -ggdb -ffunction-sections -O0  -I../lua -I../jemalloc/jemalloc/include/jemalloc/ -DDEBUG  -c skynet_main.c -o Debug/skynet_main.o -MD -MF Debug/skynet_main.dep
         gcc -ggdb -ffunction-sections -O0  -I../lua -I../jemalloc/jemalloc/include/jemalloc/ -DDEBUG  -c skynet_module.c -o Debug/skynet_module.o -MD -MF Debug/skynet_module.dep
         gcc -ggdb -ffunction-sections -O0  -I../lua -I../jemalloc/jemalloc/include/jemalloc/ -DDEBUG  -c skynet_monitor.c -o Debug/skynet_monitor.o -MD -MF Debug/skynet_monitor.dep
         gcc -ggdb -ffunction-sections -O0  -I../lua -I../jemalloc/jemalloc/include/jemalloc/ -DDEBUG  -c skynet_mq.c -o Debug/skynet_mq.o -MD -MF Debug/skynet_mq.dep
         gcc -ggdb -ffunction-sections -O0  -I../lua -I../jemalloc/jemalloc/include/jemalloc/ -DDEBUG  -c skynet_server.c -o Debug/skynet_server.o -MD -MF Debug/skynet_server.dep
         gcc -ggdb -ffunction-sections -O0  -I../lua -I../jemalloc/jemalloc/include/jemalloc/ -DDEBUG  -c skynet_socket.c -o Debug/skynet_socket.o -MD -MF Debug/skynet_socket.dep
         gcc -ggdb -ffunction-sections -O0  -I../lua -I../jemalloc/jemalloc/include/jemalloc/ -DDEBUG  -c skynet_start.c -o Debug/skynet_start.o -MD -MF Debug/skynet_start.dep
         gcc -ggdb -ffunction-sections -O0  -I../lua -I../jemalloc/jemalloc/include/jemalloc/ -DDEBUG  -c skynet_timer.c -o Debug/skynet_timer.o -MD -MF Debug/skynet_timer.dep
         gcc -ggdb -ffunction-sections -O0  -I../lua -I../jemalloc/jemalloc/include/jemalloc/ -DDEBUG  -c socket_server.c -o Debug/socket_server.o -MD -MF Debug/socket_server.dep
         g++ -o Debug/../../bin/wskynet -Wl,-gc-sections    -Wl,--start-group Debug/malloc_hook.o Debug/skynet_daemon.o Debug/skynet_env.o Debug/skynet_error.o Debug/skynet_handle.o Debug/skynet_harbor.o Debug/skynet_log.o Debug/skynet_main.o Debug/skynet_module.o Debug/skynet_monitor.o Debug/skynet_mq.o Debug/skynet_server.o Debug/skynet_socket.o Debug/skynet_start.o Debug/skynet_timer.o Debug/socket_server.o -lpthread -lm -ldl -lrt  -Wl,--rpath='$ORIGIN'  ../lib/lua.a ../lib/libjemalloc_pic.a -Wl,--end-group
     1>Done Building Project "F:\MyTest\myTest\testCPP\centos\wskynet\wskynet\wskynet.vcxproj" (Build target(s)).

Build succeeded.

Time Elapsed 00:00:02.20
