Build started 2017/6/22 20:36:24.
     1>Project "F:\MyTest\myTest\testCPP\centos\wskynet\jemalloc\jemalloc.vcxproj" on node 2 (Rebuild target(s)).
     1>Rebuild:
         "C:\Program Files (x86)\Sysprogs\VisualGDB\VisualGDB.exe" /rebuild "F:\MyTest\myTest\testCPP\centos\wskynet\jemalloc\jemalloc.vcxproj" "/solution:F:\MyTest\myTest\testCPP\centos\wskynet\wskynet.sln" "/config:Debug" "/platform:Win32"
         VisualGDB: Run "make CONFIG=Debug clean" in directory "/home/tianle/src/wskynet/jemalloc" on tianle@192.168.0.173 (SSH)
         Makefile:18: debug.mak: No such file or directory
         make: *** No rule to make target `debug.mak'.  Stop.
         -------------------------------------------------------------
         Command exited with code 2
         Executable: make
         Arguments: CONFIG=Debug clean
         Directory: /home/tianle/src/wskynet/jemalloc
     1>VisualGDB : error : Command-line action failed
         VisualGDB: Sending 287 updated source files to build machine...
         VisualGDB: Run "make CONFIG=Debug" in directory "/home/tianle/src/wskynet/jemalloc" on tianle@192.168.0.173 (SSH)
         Makefile:18: debug.mak: No such file or directory
         make: *** No rule to make target `debug.mak'.  Stop.
         -------------------------------------------------------------
         Command exited with code 2
         Executable: make
         Arguments: CONFIG=Debug
         Directory: /home/tianle/src/wskynet/jemalloc
     1>VisualGDB : error : Command-line action failed
     1>EXEC : error : Build has failed. See the Output window for more details.
     1>C:\Program Files (x86)\MSBuild\Microsoft.Cpp\v4.0\V120\Microsoft.MakeFile.Targets(43,5): error MSB3073: The command ""C:\Program Files (x86)\Sysprogs\VisualGDB\VisualGDB.exe" /rebuild "F:\MyTest\myTest\testCPP\centos\wskynet\jemalloc\jemalloc.vcxproj" "/solution:F:\MyTest\myTest\testCPP\centos\wskynet\wskynet.sln" "/config:Debug" "/platform:Win32"" exited with code 1.
     1>Done Building Project "F:\MyTest\myTest\testCPP\centos\wskynet\jemalloc\jemalloc.vcxproj" (Rebuild target(s)) -- FAILED.

Build FAILED.

Time Elapsed 00:00:01.65
